<?xml version="1.0" encoding="UTF-8"?>
<!-- Generated by org.testng.reporters.JUnitReportReporter -->
<testsuite hostname="NODE167" name="Juniper.brokenlinks_HTTPResponse" tests="1" failures="0" timestamp="16 Mar 2016 06:19:07 GMT" time="60.557" errors="0">
  <testcase name="all_links_idntypolicy" time="60.557" classname="Juniper.brokenlinks_HTTPResponse"/>
</testsuite> <!-- Juniper.brokenlinks_HTTPResponse -->
