<?xml version="1.0" encoding="UTF-8"?>
<!-- Generated by org.testng.reporters.JUnitReportReporter -->
<testsuite hostname="NODE167" name="com.demo.selenium.Demo" tests="1" failures="0" timestamp="16 Apr 2015 05:51:21 GMT" time="14.870" errors="0">
  <testcase name="testWebdriver" time="14.870" classname="com.demo.selenium.Demo"/>
</testsuite> <!-- com.demo.selenium.Demo -->
