<?xml version="1.0" encoding="UTF-8"?>
<!-- Generated by org.testng.reporters.JUnitReportReporter -->
<testsuite hostname="NODE167" name="Demo.switchcommands" tests="1" failures="0" timestamp="16 Apr 2015 09:03:37 GMT" time="1.172" errors="0">
  <testcase name="Whandler" time="1.172" classname="Demo.switchcommands"/>
</testsuite> <!-- Demo.switchcommands -->
