<?xml version="1.0" encoding="UTF-8"?>
<!-- Generated by org.testng.reporters.JUnitReportReporter -->
<testsuite hostname="NODE167" name="Demo.Radiobuttons_checkboxes" tests="1" failures="0" timestamp="16 Apr 2015 11:47:55 GMT" time="0.909" errors="0">
  <testcase name="radiochecbox" time="0.909" classname="Demo.Radiobuttons_checkboxes"/>
</testsuite> <!-- Demo.Radiobuttons_checkboxes -->
