<?xml version="1.0" encoding="UTF-8"?>
<!-- Generated by org.testng.reporters.JUnitReportReporter -->
<testsuite hostname="NODE167" name="Juniper.Read_identitypolicycontrol" tests="1" failures="0" timestamp="31 Jul 2015 07:12:23 GMT" time="8.022" errors="0">
  <testcase name="Read" time="8.022" classname="Juniper.Read_identitypolicycontrol"/>
</testsuite> <!-- Juniper.Read_identitypolicycontrol -->
