<?xml version="1.0" encoding="UTF-8"?>
<!-- Generated by org.testng.reporters.JUnitReportReporter -->
<testsuite hostname="NODE167" name="Java.TestNgPrac" tests="1" failures="0" timestamp="19 May 2016 05:09:34 GMT" time="0.047" errors="0">
  <testcase name="f" time="0.047" classname="Java.TestNgPrac"/>
</testsuite> <!-- Java.TestNgPrac -->
